AX=0924  BX=000A  CX=0000  DX=0030  SP=00EE  BP=0000  SI=0295  DI=0000
DS=0720  ES=0700  SS=0710  CS=0756  IP=0297   NV UP EI PL NZ NA PE NC
0756:0297 B402          MOV AH, 02h

AX=0224  BX=000A  CX=0000  DX=0030  SP=00EE  BP=0000  SI=0295  DI=0000
DS=0720  ES=0700  SS=0710  CS=0756  IP=0299   NV UP EI PL NZ NA PE NC
0756:0299 CD21          INT 021h

AX=0224  BX=000A  CX=0000  DX=0030  SP=00E8  BP=0000  SI=0295  DI=0000
DS=0720  ES=0700  SS=0710  CS=F400  IP=0200   NV UP DI PL NZ NA PE NC
F400:0200 FFFFCD21          BIOS DI

AX=0230  BX=000A  CX=0000  DX=0030  SP=00E8  BP=0000  SI=0295  DI=0000
DS=0720  ES=0700  SS=0710  CS=F400  IP=0204   NV UP DI PL NZ NA PE NC
F400:0204 CF            IRET

AX=0230  BX=000A  CX=0000  DX=0030  SP=00EE  BP=0000  SI=0295  DI=0000
DS=0720  ES=0700  SS=0710  CS=0756  IP=029B   NV UP EI PL NZ NA PE NC
0756:029B BA0A00        MOV DX, 0000Ah

AX=0230  BX=000A  CX=0000  DX=000A  SP=00EE  BP=0000  SI=0295  DI=0000
DS=0720  ES=0700  SS=0710  CS=0756  IP=029E   NV UP EI PL NZ NA PE NC
0756:029E B402          MOV AH, 02h

AX=0230  BX=000A  CX=0000  DX=000A  SP=00EE  BP=0000  SI=0295  DI=0000
DS=0720  ES=0700  SS=0710  CS=0756  IP=02A0   NV UP EI PL NZ NA PE NC
0756:02A0 CD21          INT 021h

AX=0230  BX=000A  CX=0000  DX=000A  SP=00E8  BP=0000  SI=0295  DI=0000
DS=0720  ES=0700  SS=0710  CS=F400  IP=0200   NV UP DI PL NZ NA PE NC
F400:0200 FFFFCD21          BIOS DI

AX=020A  BX=000A  CX=0000  DX=000A  SP=00E8  BP=0000  SI=0295  DI=0000
DS=0720  ES=0700  SS=0710  CS=F400  IP=0204   NV UP DI PL NZ NA PE NC
F400:0204 CF            IRET

AX=020A  BX=000A  CX=0000  DX=000A  SP=00EE  BP=0000  SI=0295  DI=0000
DS=0720  ES=0700  SS=0710  CS=0756  IP=02A2   NV UP EI PL NZ NA PE NC
0756:02A2 BA0D00        MOV DX, 0000Dh

AX=020A  BX=000A  CX=0000  DX=000D  SP=00EE  BP=0000  SI=0295  DI=0000
DS=0720  ES=0700  SS=0710  CS=0756  IP=02A5   NV UP EI PL NZ NA PE NC
0756:02A5 B402          MOV AH, 02h

AX=020A  BX=000A  CX=0000  DX=000D  SP=00EE  BP=0000  SI=0295  DI=0000
DS=0720  ES=0700  SS=0710  CS=0756  IP=02A7   NV UP EI PL NZ NA PE NC
0756:02A7 CD21          INT 021h

AX=020A  BX=000A  CX=0000  DX=000D  SP=00E8  BP=0000  SI=0295  DI=0000
DS=0720  ES=0700  SS=0710  CS=F400  IP=0200   NV UP DI PL NZ NA PE NC
F400:0200 FFFFCD21          BIOS DI

AX=020D  BX=000A  CX=0000  DX=000D  SP=00E8  BP=0000  SI=0295  DI=0000
DS=0720  ES=0700  SS=0710  CS=F400  IP=0204   NV UP DI PL NZ NA PE NC
F400:0204 CF            IRET

AX=020D  BX=000A  CX=0000  DX=000D  SP=00EE  BP=0000  SI=0295  DI=0000
DS=0720  ES=0700  SS=0710  CS=0756  IP=02A9   NV UP EI PL NZ NA PE NC
0756:02A9 BA8901        MOV DX, 00189h

AX=020D  BX=000A  CX=0000  DX=0189  SP=00EE  BP=0000  SI=0295  DI=0000
DS=0720  ES=0700  SS=0710  CS=0756  IP=02AC   NV UP EI PL NZ NA PE NC
0756:02AC B409          MOV AH, 09h

AX=090D  BX=000A  CX=0000  DX=0189  SP=00EE  BP=0000  SI=0295  DI=0000
DS=0720  ES=0700  SS=0710  CS=0756  IP=02AE   NV UP EI PL NZ NA PE NC
0756:02AE CD21          INT 021h

AX=090D  BX=000A  CX=0000  DX=0189  SP=00E8  BP=0000  SI=0295  DI=0000
DS=0720  ES=0700  SS=0710  CS=F400  IP=0200   NV UP DI PL NZ NA PE NC
F400:0200 FFFFCD21          BIOS DI

AX=0924  BX=000A  CX=0000  DX=0189  SP=00E8  BP=0000  SI=0295  DI=0000
DS=0720  ES=0700  SS=0710  CS=F400  IP=0204   NV UP DI PL NZ NA PE NC
F400:0204 CF            IRET

AX=0924  BX=000A  CX=0000  DX=0189  SP=00EE  BP=0000  SI=0295  DI=0000
DS=0720  ES=0700  SS=0710  CS=0756  IP=02B0   NV UP EI PL NZ NA PE NC
0756:02B0 8A165803      MOV DL, [00358h]		DS:0358=30h

AX=0924  BX=000A  CX=0000  DX=0130  SP=00EE  BP=0000  SI=0295  DI=0000
DS=0720  ES=0700  SS=0710  CS=0756  IP=02B4   NV UP EI PL NZ NA PE NC
0756:02B4 B402          MOV AH, 02h

AX=0224  BX=000A  CX=0000  DX=0130  SP=00EE  BP=0000  SI=0295  DI=0000
DS=0720  ES=0700  SS=0710  CS=0756  IP=02B6   NV UP EI PL NZ NA PE NC
0756:02B6 CD21          INT 021h

AX=0224  BX=000A  CX=0000  DX=0130  SP=00E8  BP=0000  SI=0295  DI=0000
DS=0720  ES=0700  SS=0710  CS=F400  IP=0200   NV UP DI PL NZ NA PE NC
F400:0200 FFFFCD21          BIOS DI

AX=0230  BX=000A  CX=0000  DX=0130  SP=00E8  BP=0000  SI=0295  DI=0000
DS=0720  ES=0700  SS=0710  CS=F400  IP=0204   NV UP DI PL NZ NA PE NC
F400:0204 CF            IRET

AX=0230  BX=000A  CX=0000  DX=0130  SP=00EE  BP=0000  SI=0295  DI=0000
DS=0720  ES=0700  SS=0710  CS=0756  IP=02B8   NV UP EI PL NZ NA PE NC
0756:02B8 BA0A00        MOV DX, 0000Ah

AX=0230  BX=000A  CX=0000  DX=000A  SP=00EE  BP=0000  SI=0295  DI=0000
DS=0720  ES=0700  SS=0710  CS=0756  IP=02BB   NV UP EI PL NZ NA PE NC
0756:02BB B402          MOV AH, 02h

AX=0230  BX=000A  CX=0000  DX=000A  SP=00EE  BP=0000  SI=0295  DI=0000
DS=0720  ES=0700  SS=0710  CS=0756  IP=02BD   NV UP EI PL NZ NA PE NC
0756:02BD CD21          INT 021h

AX=0230  BX=000A  CX=0000  DX=000A  SP=00E8  BP=0000  SI=0295  DI=0000
DS=0720  ES=0700  SS=0710  CS=F400  IP=0200   NV UP DI PL NZ NA PE NC
F400:0200 FFFFCD21          BIOS DI

AX=020A  BX=000A  CX=0000  DX=000A  SP=00E8  BP=0000  SI=0295  DI=0000
DS=0720  ES=0700  SS=0710  CS=F400  IP=0204   NV UP DI PL NZ NA PE NC
F400:0204 CF            IRET

AX=020A  BX=000A  CX=0000  DX=000A  SP=00EE  BP=0000  SI=0295  DI=0000
DS=0720  ES=0700  SS=0710  CS=0756  IP=02BF   NV UP EI PL NZ NA PE NC
0756:02BF BA0D00        MOV DX, 0000Dh

AX=020A  BX=000A  CX=0000  DX=000D  SP=00EE  BP=0000  SI=0295  DI=0000
DS=0720  ES=0700  SS=0710  CS=0756  IP=02C2   NV UP EI PL NZ NA PE NC
0756:02C2 B402          MOV AH, 02h

AX=020A  BX=000A  CX=0000  DX=000D  SP=00EE  BP=0000  SI=0295  DI=0000
DS=0720  ES=0700  SS=0710  CS=0756  IP=02C4   NV UP EI PL NZ NA PE NC
0756:02C4 CD21          INT 021h

AX=020A  BX=000A  CX=0000  DX=000D  SP=00E8  BP=0000  SI=0295  DI=0000
DS=0720  ES=0700  SS=0710  CS=F400  IP=0200   NV UP DI PL NZ NA PE NC
F400:0200 FFFFCD21          BIOS DI

AX=020D  BX=000A  CX=0000  DX=000D  SP=00E8  BP=0000  SI=0295  DI=0000
DS=0720  ES=0700  SS=0710  CS=F400  IP=0204   NV UP DI PL NZ NA PE NC
F400:0204 CF            IRET

AX=020D  BX=000A  CX=0000  DX=000D  SP=00EE  BP=0000  SI=0295  DI=0000
DS=0720  ES=0700  SS=0710  CS=0756  IP=02C6   NV UP EI PL NZ NA PE NC
0756:02C6 BAAA01        MOV DX, 001AAh

AX=020D  BX=000A  CX=0000  DX=01AA  SP=00EE  BP=0000  SI=0295  DI=0000
DS=0720  ES=0700  SS=0710  CS=0756  IP=02C9   NV UP EI PL NZ NA PE NC
0756:02C9 B409          MOV AH, 09h

AX=090D  BX=000A  CX=0000  DX=01AA  SP=00EE  BP=0000  SI=0295  DI=0000
DS=0720  ES=0700  SS=0710  CS=0756  IP=02CB   NV UP EI PL NZ NA PE NC
0756:02CB CD21          INT 021h

AX=090D  BX=000A  CX=0000  DX=01AA  SP=00E8  BP=0000  SI=0295  DI=0000
DS=0720  ES=0700  SS=0710  CS=F400  IP=0200   NV UP DI PL NZ NA PE NC
F400:0200 FFFFCD21          BIOS DI

AX=0924  BX=000A  CX=0000  DX=01AA  SP=00E8  BP=0000  SI=0295  DI=0000
DS=0720  ES=0700  SS=0710  CS=F400  IP=0204   NV UP DI PL NZ NA PE NC
F400:0204 CF            IRET

AX=0924  BX=000A  CX=0000  DX=01AA  SP=00EE  BP=0000  SI=0295  DI=0000
DS=0720  ES=0700  SS=0710  CS=0756  IP=02CD   NV UP EI PL NZ NA PE NC
0756:02CD 8A165903      MOV DL, [00359h]		DS:0359=30h

AX=0924  BX=000A  CX=0000  DX=0130  SP=00EE  BP=0000  SI=0295  DI=0000
DS=0720  ES=0700  SS=0710  CS=0756  IP=02D1   NV UP EI PL NZ NA PE NC
0756:02D1 B402          MOV AH, 02h

AX=0224  BX=000A  CX=0000  DX=0130  SP=00EE  BP=0000  SI=0295  DI=0000
DS=0720  ES=0700  SS=0710  CS=0756  IP=02D3   NV UP EI PL NZ NA PE NC
0756:02D3 CD21          INT 021h

AX=0224  BX=000A  CX=0000  DX=0130  SP=00E8  BP=0000  SI=0295  DI=0000
DS=0720  ES=0700  SS=0710  CS=F400  IP=0200   NV UP DI PL NZ NA PE NC
F400:0200 FFFFCD21          BIOS DI

AX=0230  BX=000A  CX=0000  DX=0130  SP=00E8  BP=0000  SI=0295  DI=0000
DS=0720  ES=0700  SS=0710  CS=F400  IP=0204   NV UP DI PL NZ NA PE NC
F400:0204 CF            IRET

AX=0230  BX=000A  CX=0000  DX=0130  SP=00EE  BP=0000  SI=0295  DI=0000
DS=0720  ES=0700  SS=0710  CS=0756  IP=02D5   NV UP EI PL NZ NA PE NC
0756:02D5 E930FD        JMP 00008h

AX=0230  BX=000A  CX=0000  DX=0130  SP=00EE  BP=0000  SI=0295  DI=0000
DS=0720  ES=0700  SS=0710  CS=0756  IP=0008   NV UP EI PL NZ NA PE NC
0756:0008 BA0A00        MOV DX, 0000Ah

AX=0230  BX=000A  CX=0000  DX=000A  SP=00EE  BP=0000  SI=0295  DI=0000
DS=0720  ES=0700  SS=0710  CS=0756  IP=000B   NV UP EI PL NZ NA PE NC
0756:000B B402          MOV AH, 02h

AX=0230  BX=000A  CX=0000  DX=000A  SP=00EE  BP=0000  SI=0295  DI=0000
DS=0720  ES=0700  SS=0710  CS=0756  IP=000D   NV UP EI PL NZ NA PE NC
0756:000D CD21          INT 021h

AX=0230  BX=000A  CX=0000  DX=000A  SP=00E8  BP=0000  SI=0295  DI=0000
DS=0720  ES=0700  SS=0710  CS=F400  IP=0200   NV UP DI PL NZ NA PE NC
F400:0200 FFFFCD21          BIOS DI

AX=020A  BX=000A  CX=0000  DX=000A  SP=00E8  BP=0000  SI=0295  DI=0000
DS=0720  ES=0700  SS=0710  CS=F400  IP=0204   NV UP DI PL NZ NA PE NC
F400:0204 CF            IRET

AX=020A  BX=000A  CX=0000  DX=000A  SP=00EE  BP=0000  SI=0295  DI=0000
DS=0720  ES=0700  SS=0710  CS=0756  IP=000F   NV UP EI PL NZ NA PE NC
0756:000F BA0D00        MOV DX, 0000Dh

AX=020A  BX=000A  CX=0000  DX=000D  SP=00EE  BP=0000  SI=0295  DI=0000
DS=0720  ES=0700  SS=0710  CS=0756  IP=0012   NV UP EI PL NZ NA PE NC
0756:0012 B402          MOV AH, 02h

AX=020A  BX=000A  CX=0000  DX=000D  SP=00EE  BP=0000  SI=0295  DI=0000
DS=0720  ES=0700  SS=0710  CS=0756  IP=0014   NV UP EI PL NZ NA PE NC
0756:0014 CD21          INT 021h

AX=020A  BX=000A  CX=0000  DX=000D  SP=00E8  BP=0000  SI=0295  DI=0000
DS=0720  ES=0700  SS=0710  CS=F400  IP=0200   NV UP DI PL NZ NA PE NC
F400:0200 FFFFCD21          BIOS DI

AX=020D  BX=000A  CX=0000  DX=000D  SP=00E8  BP=0000  SI=0295  DI=0000
DS=0720  ES=0700  SS=0710  CS=F400  IP=0204   NV UP DI PL NZ NA PE NC
F400:0204 CF            IRET

AX=020D  BX=000A  CX=0000  DX=000D  SP=00EE  BP=0000  SI=0295  DI=0000
DS=0720  ES=0700  SS=0710  CS=0756  IP=0016   NV UP EI PL NZ NA PE NC
0756:0016 BA0000        MOV DX, 00000h

AX=020D  BX=000A  CX=0000  DX=0000  SP=00EE  BP=0000  SI=0295  DI=0000
DS=0720  ES=0700  SS=0710  CS=0756  IP=0019   NV UP EI PL NZ NA PE NC
0756:0019 B409          MOV AH, 09h

AX=090D  BX=000A  CX=0000  DX=0000  SP=00EE  BP=0000  SI=0295  DI=0000
DS=0720  ES=0700  SS=0710  CS=0756  IP=001B   NV UP EI PL NZ NA PE NC
0756:001B CD21          INT 021h

AX=090D  BX=000A  CX=0000  DX=0000  SP=00E8  BP=0000  SI=0295  DI=0000
DS=0720  ES=0700  SS=0710  CS=F400  IP=0200   NV UP DI PL NZ NA PE NC
F400:0200 FFFFCD21          BIOS DI

AX=0924  BX=000A  CX=0000  DX=0000  SP=00E8  BP=0000  SI=0295  DI=0000
DS=0720  ES=0700  SS=0710  CS=F400  IP=0204   NV UP DI PL NZ NA PE NC
F400:0204 CF            IRET

AX=0924  BX=000A  CX=0000  DX=0000  SP=00EE  BP=0000  SI=0295  DI=0000
DS=0720  ES=0700  SS=0710  CS=0756  IP=001D   NV UP EI PL NZ NA PE NC
0756:001D BA0A00        MOV DX, 0000Ah

AX=0924  BX=000A  CX=0000  DX=000A  SP=00EE  BP=0000  SI=0295  DI=0000
DS=0720  ES=0700  SS=0710  CS=0756  IP=0020   NV UP EI PL NZ NA PE NC
0756:0020 B402          MOV AH, 02h

AX=0224  BX=000A  CX=0000  DX=000A  SP=00EE  BP=0000  SI=0295  DI=0000
DS=0720  ES=0700  SS=0710  CS=0756  IP=0022   NV UP EI PL NZ NA PE NC
0756:0022 CD21          INT 021h

AX=0224  BX=000A  CX=0000  DX=000A  SP=00E8  BP=0000  SI=0295  DI=0000
DS=0720  ES=0700  SS=0710  CS=F400  IP=0200   NV UP DI PL NZ NA PE NC
F400:0200 FFFFCD21          BIOS DI

AX=020A  BX=000A  CX=0000  DX=000A  SP=00E8  BP=0000  SI=0295  DI=0000
DS=0720  ES=0700  SS=0710  CS=F400  IP=0204   NV UP DI PL NZ NA PE NC
F400:0204 CF            IRET

AX=020A  BX=000A  CX=0000  DX=000A  SP=00EE  BP=0000  SI=0295  DI=0000
DS=0720  ES=0700  SS=0710  CS=0756  IP=0024   NV UP EI PL NZ NA PE NC
0756:0024 BA0D00        MOV DX, 0000Dh

AX=020A  BX=000A  CX=0000  DX=000D  SP=00EE  BP=0000  SI=0295  DI=0000
DS=0720  ES=0700  SS=0710  CS=0756  IP=0027   NV UP EI PL NZ NA PE NC
0756:0027 B402          MOV AH, 02h

AX=020A  BX=000A  CX=0000  DX=000D  SP=00EE  BP=0000  SI=0295  DI=0000
DS=0720  ES=0700  SS=0710  CS=0756  IP=0029   NV UP EI PL NZ NA PE NC
0756:0029 CD21          INT 021h

AX=020A  BX=000A  CX=0000  DX=000D  SP=00E8  BP=0000  SI=0295  DI=0000
DS=0720  ES=0700  SS=0710  CS=F400  IP=0200   NV UP DI PL NZ NA PE NC
F400:0200 FFFFCD21          BIOS DI

AX=020D  BX=000A  CX=0000  DX=000D  SP=00E8  BP=0000  SI=0295  DI=0000
DS=0720  ES=0700  SS=0710  CS=F400  IP=0204   NV UP DI PL NZ NA PE NC
F400:0204 CF            IRET

AX=020D  BX=000A  CX=0000  DX=000D  SP=00EE  BP=0000  SI=0295  DI=0000
DS=0720  ES=0700  SS=0710  CS=0756  IP=002B   NV UP EI PL NZ NA PE NC
0756:002B BA2B00        MOV DX, 0002Bh

AX=020D  BX=000A  CX=0000  DX=002B  SP=00EE  BP=0000  SI=0295  DI=0000
DS=0720  ES=0700  SS=0710  CS=0756  IP=002E   NV UP EI PL NZ NA PE NC
0756:002E B409          MOV AH, 09h

AX=090D  BX=000A  CX=0000  DX=002B  SP=00EE  BP=0000  SI=0295  DI=0000
DS=0720  ES=0700  SS=0710  CS=0756  IP=0030   NV UP EI PL NZ NA PE NC
0756:0030 CD21          INT 021h

AX=090D  BX=000A  CX=0000  DX=002B  SP=00E8  BP=0000  SI=0295  DI=0000
DS=0720  ES=0700  SS=0710  CS=F400  IP=0200   NV UP DI PL NZ NA PE NC
F400:0200 FFFFCD21          BIOS DI

AX=0924  BX=000A  CX=0000  DX=002B  SP=00E8  BP=0000  SI=0295  DI=0000
DS=0720  ES=0700  SS=0710  CS=F400  IP=0204   NV UP DI PL NZ NA PE NC
F400:0204 CF            IRET

AX=0924  BX=000A  CX=0000  DX=002B  SP=00EE  BP=0000  SI=0295  DI=0000
DS=0720  ES=0700  SS=0710  CS=0756  IP=0032   NV UP EI PL NZ NA PE NC
0756:0032 BA0A00        MOV DX, 0000Ah

AX=0924  BX=000A  CX=0000  DX=000A  SP=00EE  BP=0000  SI=0295  DI=0000
DS=0720  ES=0700  SS=0710  CS=0756  IP=0035   NV UP EI PL NZ NA PE NC
0756:0035 B402          MOV AH, 02h

AX=0224  BX=000A  CX=0000  DX=000A  SP=00EE  BP=0000  SI=0295  DI=0000
DS=0720  ES=0700  SS=0710  CS=0756  IP=0037   NV UP EI PL NZ NA PE NC
0756:0037 CD21          INT 021h

AX=0224  BX=000A  CX=0000  DX=000A  SP=00E8  BP=0000  SI=0295  DI=0000
DS=0720  ES=0700  SS=0710  CS=F400  IP=0200   NV UP DI PL NZ NA PE NC
F400:0200 FFFFCD21          BIOS DI

AX=020A  BX=000A  CX=0000  DX=000A  SP=00E8  BP=0000  SI=0295  DI=0000
DS=0720  ES=0700  SS=0710  CS=F400  IP=0204   NV UP DI PL NZ NA PE NC
F400:0204 CF            IRET

AX=020A  BX=000A  CX=0000  DX=000A  SP=00EE  BP=0000  SI=0295  DI=0000
DS=0720  ES=0700  SS=0710  CS=0756  IP=0039   NV UP EI PL NZ NA PE NC
0756:0039 BA0D00        MOV DX, 0000Dh

AX=020A  BX=000A  CX=0000  DX=000D  SP=00EE  BP=0000  SI=0295  DI=0000
DS=0720  ES=0700  SS=0710  CS=0756  IP=003C   NV UP EI PL NZ NA PE NC
0756:003C B402          MOV AH, 02h

AX=020A  BX=000A  CX=0000  DX=000D  SP=00EE  BP=0000  SI=0295  DI=0000
DS=0720  ES=0700  SS=0710  CS=0756  IP=003E   NV UP EI PL NZ NA PE NC
0756:003E CD21          INT 021h

AX=020A  BX=000A  CX=0000  DX=000D  SP=00E8  BP=0000  SI=0295  DI=0000
DS=0720  ES=0700  SS=0710  CS=F400  IP=0200   NV UP DI PL NZ NA PE NC
F400:0200 FFFFCD21          BIOS DI

AX=020D  BX=000A  CX=0000  DX=000D  SP=00E8  BP=0000  SI=0295  DI=0000
DS=0720  ES=0700  SS=0710  CS=F400  IP=0204   NV UP DI PL NZ NA PE NC
F400:0204 CF            IRET

AX=020D  BX=000A  CX=0000  DX=000D  SP=00EE  BP=0000  SI=0295  DI=0000
DS=0720  ES=0700  SS=0710  CS=0756  IP=0040   NV UP EI PL NZ NA PE NC
0756:0040 BA4800        MOV DX, 00048h

AX=020D  BX=000A  CX=0000  DX=0048  SP=00EE  BP=0000  SI=0295  DI=0000
DS=0720  ES=0700  SS=0710  CS=0756  IP=0043   NV UP EI PL NZ NA PE NC
0756:0043 B409          MOV AH, 09h

AX=090D  BX=000A  CX=0000  DX=0048  SP=00EE  BP=0000  SI=0295  DI=0000
DS=0720  ES=0700  SS=0710  CS=0756  IP=0045   NV UP EI PL NZ NA PE NC
0756:0045 CD21          INT 021h

AX=090D  BX=000A  CX=0000  DX=0048  SP=00E8  BP=0000  SI=0295  DI=0000
DS=0720  ES=0700  SS=0710  CS=F400  IP=0200   NV UP DI PL NZ NA PE NC
F400:0200 FFFFCD21          BIOS DI

AX=0924  BX=000A  CX=0000  DX=0048  SP=00E8  BP=0000  SI=0295  DI=0000
DS=0720  ES=0700  SS=0710  CS=F400  IP=0204   NV UP DI PL NZ NA PE NC
F400:0204 CF            IRET

AX=0924  BX=000A  CX=0000  DX=0048  SP=00EE  BP=0000  SI=0295  DI=0000
DS=0720  ES=0700  SS=0710  CS=0756  IP=0047   NV UP EI PL NZ NA PE NC
0756:0047 BA0A00        MOV DX, 0000Ah

AX=0924  BX=000A  CX=0000  DX=000A  SP=00EE  BP=0000  SI=0295  DI=0000
DS=0720  ES=0700  SS=0710  CS=0756  IP=004A   NV UP EI PL NZ NA PE NC
0756:004A B402          MOV AH, 02h

AX=0224  BX=000A  CX=0000  DX=000A  SP=00EE  BP=0000  SI=0295  DI=0000
DS=0720  ES=0700  SS=0710  CS=0756  IP=004C   NV UP EI PL NZ NA PE NC
0756:004C CD21          INT 021h

AX=0224  BX=000A  CX=0000  DX=000A  SP=00E8  BP=0000  SI=0295  DI=0000
DS=0720  ES=0700  SS=0710  CS=F400  IP=0200   NV UP DI PL NZ NA PE NC
F400:0200 FFFFCD21          BIOS DI

AX=020A  BX=000A  CX=0000  DX=000A  SP=00E8  BP=0000  SI=0295  DI=0000
DS=0720  ES=0700  SS=0710  CS=F400  IP=0204   NV UP DI PL NZ NA PE NC
F400:0204 CF            IRET

AX=020A  BX=000A  CX=0000  DX=000A  SP=00EE  BP=0000  SI=0295  DI=0000
DS=0720  ES=0700  SS=0710  CS=0756  IP=004E   NV UP EI PL NZ NA PE NC
0756:004E BA0D00        MOV DX, 0000Dh

AX=020A  BX=000A  CX=0000  DX=000D  SP=00EE  BP=0000  SI=0295  DI=0000
DS=0720  ES=0700  SS=0710  CS=0756  IP=0051   NV UP EI PL NZ NA PE NC
0756:0051 B402          MOV AH, 02h

AX=020A  BX=000A  CX=0000  DX=000D  SP=00EE  BP=0000  SI=0295  DI=0000
DS=0720  ES=0700  SS=0710  CS=0756  IP=0053   NV UP EI PL NZ NA PE NC
0756:0053 CD21          INT 021h

AX=020A  BX=000A  CX=0000  DX=000D  SP=00E8  BP=0000  SI=0295  DI=0000
DS=0720  ES=0700  SS=0710  CS=F400  IP=0200   NV UP DI PL NZ NA PE NC
F400:0200 FFFFCD21          BIOS DI

AX=020D  BX=000A  CX=0000  DX=000D  SP=00E8  BP=0000  SI=0295  DI=0000
DS=0720  ES=0700  SS=0710  CS=F400  IP=0204   NV UP DI PL NZ NA PE NC
F400:0204 CF            IRET

AX=020D  BX=000A  CX=0000  DX=000D  SP=00EE  BP=0000  SI=0295  DI=0000
DS=0720  ES=0700  SS=0710  CS=0756  IP=0055   NV UP EI PL NZ NA PE NC
0756:0055 BA6000        MOV DX, 00060h

AX=020D  BX=000A  CX=0000  DX=0060  SP=00EE  BP=0000  SI=0295  DI=0000
DS=0720  ES=0700  SS=0710  CS=0756  IP=0058   NV UP EI PL NZ NA PE NC
0756:0058 B409          MOV AH, 09h

AX=090D  BX=000A  CX=0000  DX=0060  SP=00EE  BP=0000  SI=0295  DI=0000
DS=0720  ES=0700  SS=0710  CS=0756  IP=005A   NV UP EI PL NZ NA PE NC
0756:005A CD21          INT 021h

AX=090D  BX=000A  CX=0000  DX=0060  SP=00E8  BP=0000  SI=0295  DI=0000
DS=0720  ES=0700  SS=0710  CS=F400  IP=0200   NV UP DI PL NZ NA PE NC
F400:0200 FFFFCD21          BIOS DI

AX=0924  BX=000A  CX=0000  DX=0060  SP=00E8  BP=0000  SI=0295  DI=0000
DS=0720  ES=0700  SS=0710  CS=F400  IP=0204   NV UP DI PL NZ NA PE NC
F400:0204 CF            IRET

AX=0924  BX=000A  CX=0000  DX=0060  SP=00EE  BP=0000  SI=0295  DI=0000
DS=0720  ES=0700  SS=0710  CS=0756  IP=005C   NV UP EI PL NZ NA PE NC
0756:005C BA0A00        MOV DX, 0000Ah

AX=0924  BX=000A  CX=0000  DX=000A  SP=00EE  BP=0000  SI=0295  DI=0000
DS=0720  ES=0700  SS=0710  CS=0756  IP=005F   NV UP EI PL NZ NA PE NC
0756:005F B402          MOV AH, 02h

AX=0224  BX=000A  CX=0000  DX=000A  SP=00EE  BP=0000  SI=0295  DI=0000
DS=0720  ES=0700  SS=0710  CS=0756  IP=0061   NV UP EI PL NZ NA PE NC
0756:0061 CD21          INT 021h

AX=0224  BX=000A  CX=0000  DX=000A  SP=00E8  BP=0000  SI=0295  DI=0000
DS=0720  ES=0700  SS=0710  CS=F400  IP=0200   NV UP DI PL NZ NA PE NC
F400:0200 FFFFCD21          BIOS DI

AX=020A  BX=000A  CX=0000  DX=000A  SP=00E8  BP=0000  SI=0295  DI=0000
DS=0720  ES=0700  SS=0710  CS=F400  IP=0204   NV UP DI PL NZ NA PE NC
F400:0204 CF            IRET

AX=020A  BX=000A  CX=0000  DX=000A  SP=00EE  BP=0000  SI=0295  DI=0000
DS=0720  ES=0700  SS=0710  CS=0756  IP=0063   NV UP EI PL NZ NA PE NC
0756:0063 BA0D00        MOV DX, 0000Dh

AX=020A  BX=000A  CX=0000  DX=000D  SP=00EE  BP=0000  SI=0295  DI=0000
DS=0720  ES=0700  SS=0710  CS=0756  IP=0066   NV UP EI PL NZ NA PE NC
0756:0066 B402          MOV AH, 02h

AX=020A  BX=000A  CX=0000  DX=000D  SP=00EE  BP=0000  SI=0295  DI=0000
DS=0720  ES=0700  SS=0710  CS=0756  IP=0068   NV UP EI PL NZ NA PE NC
0756:0068 CD21          INT 021h

AX=020A  BX=000A  CX=0000  DX=000D  SP=00E8  BP=0000  SI=0295  DI=0000
DS=0720  ES=0700  SS=0710  CS=F400  IP=0200   NV UP DI PL NZ NA PE NC
F400:0200 FFFFCD21          BIOS DI

AX=020D  BX=000A  CX=0000  DX=000D  SP=00E8  BP=0000  SI=0295  DI=0000
DS=0720  ES=0700  SS=0710  CS=F400  IP=0204   NV UP DI PL NZ NA PE NC
F400:0204 CF            IRET

AX=020D  BX=000A  CX=0000  DX=000D  SP=00EE  BP=0000  SI=0295  DI=0000
DS=0720  ES=0700  SS=0710  CS=0756  IP=006A   NV UP EI PL NZ NA PE NC
0756:006A BA7700        MOV DX, 00077h

AX=020D  BX=000A  CX=0000  DX=0077  SP=00EE  BP=0000  SI=0295  DI=0000
DS=0720  ES=0700  SS=0710  CS=0756  IP=006D   NV UP EI PL NZ NA PE NC
0756:006D B409          MOV AH, 09h

AX=090D  BX=000A  CX=0000  DX=0077  SP=00EE  BP=0000  SI=0295  DI=0000
DS=0720  ES=0700  SS=0710  CS=0756  IP=006F   NV UP EI PL NZ NA PE NC
0756:006F CD21          INT 021h

AX=090D  BX=000A  CX=0000  DX=0077  SP=00E8  BP=0000  SI=0295  DI=0000
DS=0720  ES=0700  SS=0710  CS=F400  IP=0200   NV UP DI PL NZ NA PE NC
F400:0200 FFFFCD21          BIOS DI

AX=0924  BX=000A  CX=0000  DX=0077  SP=00E8  BP=0000  SI=0295  DI=0000
DS=0720  ES=0700  SS=0710  CS=F400  IP=0204   NV UP DI PL NZ NA PE NC
F400:0204 CF            IRET

AX=0924  BX=000A  CX=0000  DX=0077  SP=00EE  BP=0000  SI=0295  DI=0000
DS=0720  ES=0700  SS=0710  CS=0756  IP=0071   NV UP EI PL NZ NA PE NC
0756:0071 BA0A00        MOV DX, 0000Ah

AX=0924  BX=000A  CX=0000  DX=000A  SP=00EE  BP=0000  SI=0295  DI=0000
DS=0720  ES=0700  SS=0710  CS=0756  IP=0074   NV UP EI PL NZ NA PE NC
0756:0074 B402          MOV AH, 02h

AX=0224  BX=000A  CX=0000  DX=000A  SP=00EE  BP=0000  SI=0295  DI=0000
DS=0720  ES=0700  SS=0710  CS=0756  IP=0076   NV UP EI PL NZ NA PE NC
0756:0076 CD21          INT 021h

AX=0224  BX=000A  CX=0000  DX=000A  SP=00E8  BP=0000  SI=0295  DI=0000
DS=0720  ES=0700  SS=0710  CS=F400  IP=0200   NV UP DI PL NZ NA PE NC
F400:0200 FFFFCD21          BIOS DI

AX=020A  BX=000A  CX=0000  DX=000A  SP=00E8  BP=0000  SI=0295  DI=0000
DS=0720  ES=0700  SS=0710  CS=F400  IP=0204   NV UP DI PL NZ NA PE NC
F400:0204 CF            IRET

AX=020A  BX=000A  CX=0000  DX=000A  SP=00EE  BP=0000  SI=0295  DI=0000
DS=0720  ES=0700  SS=0710  CS=0756  IP=0078   NV UP EI PL NZ NA PE NC
0756:0078 BA0D00        MOV DX, 0000Dh

AX=020A  BX=000A  CX=0000  DX=000D  SP=00EE  BP=0000  SI=0295  DI=0000
DS=0720  ES=0700  SS=0710  CS=0756  IP=007B   NV UP EI PL NZ NA PE NC
0756:007B B402          MOV AH, 02h

AX=020A  BX=000A  CX=0000  DX=000D  SP=00EE  BP=0000  SI=0295  DI=0000
DS=0720  ES=0700  SS=0710  CS=0756  IP=007D   NV UP EI PL NZ NA PE NC
0756:007D CD21          INT 021h

AX=020A  BX=000A  CX=0000  DX=000D  SP=00E8  BP=0000  SI=0295  DI=0000
DS=0720  ES=0700  SS=0710  CS=F400  IP=0200   NV UP DI PL NZ NA PE NC
F400:0200 FFFFCD21          BIOS DI

AX=020D  BX=000A  CX=0000  DX=000D  SP=00E8  BP=0000  SI=0295  DI=0000
DS=0720  ES=0700  SS=0710  CS=F400  IP=0204   NV UP DI PL NZ NA PE NC
F400:0204 CF            IRET

AX=020D  BX=000A  CX=0000  DX=000D  SP=00EE  BP=0000  SI=0295  DI=0000
DS=0720  ES=0700  SS=0710  CS=0756  IP=007F   NV UP EI PL NZ NA PE NC
0756:007F BA9800        MOV DX, 00098h

AX=020D  BX=000A  CX=0000  DX=0098  SP=00EE  BP=0000  SI=0295  DI=0000
DS=0720  ES=0700  SS=0710  CS=0756  IP=0082   NV UP EI PL NZ NA PE NC
0756:0082 B409          MOV AH, 09h

AX=090D  BX=000A  CX=0000  DX=0098  SP=00EE  BP=0000  SI=0295  DI=0000
DS=0720  ES=0700  SS=0710  CS=0756  IP=0084   NV UP EI PL NZ NA PE NC
0756:0084 CD21          INT 021h

AX=090D  BX=000A  CX=0000  DX=0098  SP=00E8  BP=0000  SI=0295  DI=0000
DS=0720  ES=0700  SS=0710  CS=F400  IP=0200   NV UP DI PL NZ NA PE NC
F400:0200 FFFFCD21          BIOS DI

AX=0924  BX=000A  CX=0000  DX=0098  SP=00E8  BP=0000  SI=0295  DI=0000
DS=0720  ES=0700  SS=0710  CS=F400  IP=0204   NV UP DI PL NZ NA PE NC
F400:0204 CF            IRET

AX=0924  BX=000A  CX=0000  DX=0098  SP=00EE  BP=0000  SI=0295  DI=0000
DS=0720  ES=0700  SS=0710  CS=0756  IP=0086   NV UP EI PL NZ NA PE NC
0756:0086 BA0A00        MOV DX, 0000Ah

AX=0924  BX=000A  CX=0000  DX=000A  SP=00EE  BP=0000  SI=0295  DI=0000
DS=0720  ES=0700  SS=0710  CS=0756  IP=0089   NV UP EI PL NZ NA PE NC
0756:0089 B402          MOV AH, 02h

AX=0224  BX=000A  CX=0000  DX=000A  SP=00EE  BP=0000  SI=0295  DI=0000
DS=0720  ES=0700  SS=0710  CS=0756  IP=008B   NV UP EI PL NZ NA PE NC
0756:008B CD21          INT 021h

AX=0224  BX=000A  CX=0000  DX=000A  SP=00E8  BP=0000  SI=0295  DI=0000
DS=0720  ES=0700  SS=0710  CS=F400  IP=0200   NV UP DI PL NZ NA PE NC
F400:0200 FFFFCD21          BIOS DI

AX=020A  BX=000A  CX=0000  DX=000A  SP=00E8  BP=0000  SI=0295  DI=0000
DS=0720  ES=0700  SS=0710  CS=F400  IP=0204   NV UP DI PL NZ NA PE NC
F400:0204 CF            IRET

AX=020A  BX=000A  CX=0000  DX=000A  SP=00EE  BP=0000  SI=0295  DI=0000
DS=0720  ES=0700  SS=0710  CS=0756  IP=008D   NV UP EI PL NZ NA PE NC
0756:008D BA0D00        MOV DX, 0000Dh

AX=020A  BX=000A  CX=0000  DX=000D  SP=00EE  BP=0000  SI=0295  DI=0000
DS=0720  ES=0700  SS=0710  CS=0756  IP=0090   NV UP EI PL NZ NA PE NC
0756:0090 B402          MOV AH, 02h

AX=020A  BX=000A  CX=0000  DX=000D  SP=00EE  BP=0000  SI=0295  DI=0000
DS=0720  ES=0700  SS=0710  CS=0756  IP=0092   NV UP EI PL NZ NA PE NC
0756:0092 CD21          INT 021h

AX=020A  BX=000A  CX=0000  DX=000D  SP=00E8  BP=0000  SI=0295  DI=0000
DS=0720  ES=0700  SS=0710  CS=F400  IP=0200   NV UP DI PL NZ NA PE NC
F400:0200 FFFFCD21          BIOS DI

AX=020D  BX=000A  CX=0000  DX=000D  SP=00E8  BP=0000  SI=0295  DI=0000
DS=0720  ES=0700  SS=0710  CS=F400  IP=0204   NV UP DI PL NZ NA PE NC
F400:0204 CF            IRET

AX=020D  BX=000A  CX=0000  DX=000D  SP=00EE  BP=0000  SI=0295  DI=0000
DS=0720  ES=0700  SS=0710  CS=0756  IP=0094   NV UP EI PL NZ NA PE NC
0756:0094 BABB00        MOV DX, 000BBh

AX=020D  BX=000A  CX=0000  DX=00BB  SP=00EE  BP=0000  SI=0295  DI=0000
DS=0720  ES=0700  SS=0710  CS=0756  IP=0097   NV UP EI PL NZ NA PE NC
0756:0097 B409          MOV AH, 09h

AX=090D  BX=000A  CX=0000  DX=00BB  SP=00EE  BP=0000  SI=0295  DI=0000
DS=0720  ES=0700  SS=0710  CS=0756  IP=0099   NV UP EI PL NZ NA PE NC
0756:0099 CD21          INT 021h

AX=090D  BX=000A  CX=0000  DX=00BB  SP=00E8  BP=0000  SI=0295  DI=0000
DS=0720  ES=0700  SS=0710  CS=F400  IP=0200   NV UP DI PL NZ NA PE NC
F400:0200 FFFFCD21          BIOS DI

AX=0924  BX=000A  CX=0000  DX=00BB  SP=00E8  BP=0000  SI=0295  DI=0000
DS=0720  ES=0700  SS=0710  CS=F400  IP=0204   NV UP DI PL NZ NA PE NC
F400:0204 CF            IRET

AX=0924  BX=000A  CX=0000  DX=00BB  SP=00EE  BP=0000  SI=0295  DI=0000
DS=0720  ES=0700  SS=0710  CS=0756  IP=009B   NV UP EI PL NZ NA PE NC
0756:009B BA0A00        MOV DX, 0000Ah

AX=0924  BX=000A  CX=0000  DX=000A  SP=00EE  BP=0000  SI=0295  DI=0000
DS=0720  ES=0700  SS=0710  CS=0756  IP=009E   NV UP EI PL NZ NA PE NC
0756:009E B402          MOV AH, 02h

AX=0224  BX=000A  CX=0000  DX=000A  SP=00EE  BP=0000  SI=0295  DI=0000
DS=0720  ES=0700  SS=0710  CS=0756  IP=00A0   NV UP EI PL NZ NA PE NC
0756:00A0 CD21          INT 021h

AX=0224  BX=000A  CX=0000  DX=000A  SP=00E8  BP=0000  SI=0295  DI=0000
DS=0720  ES=0700  SS=0710  CS=F400  IP=0200   NV UP DI PL NZ NA PE NC
F400:0200 FFFFCD21          BIOS DI

AX=020A  BX=000A  CX=0000  DX=000A  SP=00E8  BP=0000  SI=0295  DI=0000
DS=0720  ES=0700  SS=0710  CS=F400  IP=0204   NV UP DI PL NZ NA PE NC
F400:0204 CF            IRET

AX=020A  BX=000A  CX=0000  DX=000A  SP=00EE  BP=0000  SI=0295  DI=0000
DS=0720  ES=0700  SS=0710  CS=0756  IP=00A2   NV UP EI PL NZ NA PE NC
0756:00A2 BA0D00        MOV DX, 0000Dh

AX=020A  BX=000A  CX=0000  DX=000D  SP=00EE  BP=0000  SI=0295  DI=0000
DS=0720  ES=0700  SS=0710  CS=0756  IP=00A5   NV UP EI PL NZ NA PE NC
0756:00A5 B402          MOV AH, 02h

AX=020A  BX=000A  CX=0000  DX=000D  SP=00EE  BP=0000  SI=0295  DI=0000
DS=0720  ES=0700  SS=0710  CS=0756  IP=00A7   NV UP EI PL NZ NA PE NC
0756:00A7 CD21          INT 021h

AX=020A  BX=000A  CX=0000  DX=000D  SP=00E8  BP=0000  SI=0295  DI=0000
DS=0720  ES=0700  SS=0710  CS=F400  IP=0200   NV UP DI PL NZ NA PE NC
F400:0200 FFFFCD21          BIOS DI

AX=020D  BX=000A  CX=0000  DX=000D  SP=00E8  BP=0000  SI=0295  DI=0000
DS=0720  ES=0700  SS=0710  CS=F400  IP=0204   NV UP DI PL NZ NA PE NC
F400:0204 CF            IRET

AX=020D  BX=000A  CX=0000  DX=000D  SP=00EE  BP=0000  SI=0295  DI=0000
DS=0720  ES=0700  SS=0710  CS=0756  IP=00A9   NV UP EI PL NZ NA PE NC
0756:00A9 BAD900        MOV DX, 000D9h

AX=020D  BX=000A  CX=0000  DX=00D9  SP=00EE  BP=0000  SI=0295  DI=0000
DS=0720  ES=0700  SS=0710  CS=0756  IP=00AC   NV UP EI PL NZ NA PE NC
0756:00AC B409          MOV AH, 09h

AX=090D  BX=000A  CX=0000  DX=00D9  SP=00EE  BP=0000  SI=0295  DI=0000
DS=0720  ES=0700  SS=0710  CS=0756  IP=00AE   NV UP EI PL NZ NA PE NC
0756:00AE CD21          INT 021h

AX=090D  BX=000A  CX=0000  DX=00D9  SP=00E8  BP=0000  SI=0295  DI=0000
DS=0720  ES=0700  SS=0710  CS=F400  IP=0200   NV UP DI PL NZ NA PE NC
F400:0200 FFFFCD21          BIOS DI

AX=0924  BX=000A  CX=0000  DX=00D9  SP=00E8  BP=0000  SI=0295  DI=0000
DS=0720  ES=0700  SS=0710  CS=F400  IP=0204   NV UP DI PL NZ NA PE NC
F400:0204 CF            IRET

AX=0924  BX=000A  CX=0000  DX=00D9  SP=00EE  BP=0000  SI=0295  DI=0000
DS=0720  ES=0700  SS=0710  CS=0756  IP=00B0   NV UP EI PL NZ NA PE NC
0756:00B0 BA0A00        MOV DX, 0000Ah

AX=0924  BX=000A  CX=0000  DX=000A  SP=00EE  BP=0000  SI=0295  DI=0000
DS=0720  ES=0700  SS=0710  CS=0756  IP=00B3   NV UP EI PL NZ NA PE NC
0756:00B3 B402          MOV AH, 02h

AX=0224  BX=000A  CX=0000  DX=000A  SP=00EE  BP=0000  SI=0295  DI=0000
DS=0720  ES=0700  SS=0710  CS=0756  IP=00B5   NV UP EI PL NZ NA PE NC
0756:00B5 CD21          INT 021h

AX=0224  BX=000A  CX=0000  DX=000A  SP=00E8  BP=0000  SI=0295  DI=0000
DS=0720  ES=0700  SS=0710  CS=F400  IP=0200   NV UP DI PL NZ NA PE NC
F400:0200 FFFFCD21          BIOS DI

AX=020A  BX=000A  CX=0000  DX=000A  SP=00E8  BP=0000  SI=0295  DI=0000
DS=0720  ES=0700  SS=0710  CS=F400  IP=0204   NV UP DI PL NZ NA PE NC
F400:0204 CF            IRET

AX=020A  BX=000A  CX=0000  DX=000A  SP=00EE  BP=0000  SI=0295  DI=0000
DS=0720  ES=0700  SS=0710  CS=0756  IP=00B7   NV UP EI PL NZ NA PE NC
0756:00B7 BA0D00        MOV DX, 0000Dh

AX=020A  BX=000A  CX=0000  DX=000D  SP=00EE  BP=0000  SI=0295  DI=0000
DS=0720  ES=0700  SS=0710  CS=0756  IP=00BA   NV UP EI PL NZ NA PE NC
0756:00BA B402          MOV AH, 02h

AX=020A  BX=000A  CX=0000  DX=000D  SP=00EE  BP=0000  SI=0295  DI=0000
DS=0720  ES=0700  SS=0710  CS=0756  IP=00BC   NV UP EI PL NZ NA PE NC
0756:00BC CD21          INT 021h

AX=020A  BX=000A  CX=0000  DX=000D  SP=00E8  BP=0000  SI=0295  DI=0000
DS=0720  ES=0700  SS=0710  CS=F400  IP=0200   NV UP DI PL NZ NA PE NC
F400:0200 FFFFCD21          BIOS DI

AX=020D  BX=000A  CX=0000  DX=000D  SP=00E8  BP=0000  SI=0295  DI=0000
DS=0720  ES=0700  SS=0710  CS=F400  IP=0204   NV UP DI PL NZ NA PE NC
F400:0204 CF            IRET

AX=020D  BX=000A  CX=0000  DX=000D  SP=00EE  BP=0000  SI=0295  DI=0000
DS=0720  ES=0700  SS=0710  CS=0756  IP=00BE   NV UP EI PL NZ NA PE NC
0756:00BE B401          MOV AH, 01h

AX=010D  BX=000A  CX=0000  DX=000D  SP=00EE  BP=0000  SI=0295  DI=0000
DS=0720  ES=0700  SS=0710  CS=0756  IP=00C0   NV UP EI PL NZ NA PE NC
0756:00C0 CD21          INT 021h

AX=010D  BX=000A  CX=0000  DX=000D  SP=00E8  BP=0000  SI=0295  DI=0000
DS=0720  ES=0700  SS=0710  CS=F400  IP=0200   NV UP DI PL NZ NA PE NC
F400:0200 FFFFCD21          BIOS DI
